<?xml version="1.0" encoding="UTF-8"?>
<!-- Generated by org.testng.reporters.JUnitXMLReporter -->
<testsuite hostname="userft-PC" name="Test" tests="4" failures="0" timestamp="5 Feb 2018 07:40:17 GMT" time="33.095" errors="0">
  <testcase name="f" time="33.071" classname="day10_TestNG.Windows_handle"/>
  <testcase name="f" time="0.0" classname="day10_TestNG.NewTest"/>
  <testcase name="f23" time="0.0" classname="day10_TestNG.NewTest"/>
  <testcase name="f12" time="0.0" classname="day10_TestNG.NewTest"/>
</testsuite> <!-- Test -->
